[0523/201521.628:ERROR:process_memory_win.cc(73)] ReadMemory at 0x7ff7c2170000 of 64 bytes failed: Only part of a ReadProcessMemory or WriteProcessMemory request was completed. (0x12B)
[0523/201521.644:WARNING:pe_image_reader.cc(340)] could not read dos header from C:\Program Files (x86)\Google\Chrome\Application\chrome.exe
[0523/201521.644:ERROR:process_memory_win.cc(73)] ReadMemory at 0x7ff8f1b00000 of 64 bytes failed: Only part of a ReadProcessMemory or WriteProcessMemory request was completed. (0x12B)
[0523/201521.644:WARNING:pe_image_reader.cc(340)] could not read dos header from C:\WINDOWS\SYSTEM32\ntdll.dll
[0523/201521.644:ERROR:process_memory_win.cc(73)] ReadMemory at 0x7ff8f1a00000 of 64 bytes failed: Only part of a ReadProcessMemory or WriteProcessMemory request was completed. (0x12B)
[0523/201521.645:WARNING:pe_image_reader.cc(340)] could not read dos header from C:\WINDOWS\System32\KERNEL32.DLL
[0523/201521.645:ERROR:process_memory_win.cc(73)] ReadMemory at 0x7ff8eebe0000 of 64 bytes failed: Only part of a ReadProcessMemory or WriteProcessMemory request was completed. (0x12B)
[0523/201521.645:WARNING:pe_image_reader.cc(340)] could not read dos header from C:\WINDOWS\System32\KERNELBASE.dll
[0523/201521.645:ERROR:process_memory_win.cc(73)] ReadMemory at 0x7ff8cd8b0000 of 64 bytes failed: Only part of a ReadProcessMemory or WriteProcessMemory request was completed. (0x12B)
[0523/201521.645:WARNING:pe_image_reader.cc(340)] could not read dos header from C:\Program Files (x86)\Google\Chrome\Application\81.0.4044.138\chrome_elf.dll
[0523/201521.645:ERROR:process_memory_win.cc(73)] ReadMemory at 0x7ff8e5d60000 of 64 bytes failed: Only part of a ReadProcessMemory or WriteProcessMemory request was completed. (0x12B)
[0523/201521.645:WARNING:pe_image_reader.cc(340)] could not read dos header from C:\WINDOWS\SYSTEM32\VERSION.dll
[0523/201521.645:ERROR:process_memory_win.cc(73)] ReadMemory at 0x7ff8f00c0000 of 64 bytes failed: Only part of a ReadProcessMemory or WriteProcessMemory request was completed. (0x12B)
[0523/201521.645:WARNING:pe_image_reader.cc(340)] could not read dos header from C:\WINDOWS\System32\msvcrt.dll
[0523/201521.645:ERROR:process_memory_win.cc(73)] ReadMemory at 0x7ff8efb30000 of 64 bytes failed: Only part of a ReadProcessMemory or WriteProcessMemory request was completed. (0x12B)
[0523/201521.645:WARNING:pe_image_reader.cc(340)] could not read dos header from C:\WINDOWS\System32\bcryptPrimitives.dll
[0523/201521.645:ERROR:process_memory_win.cc(73)] ReadMemory at 0x7ff8eff70000 of 64 bytes failed: Only part of a ReadProcessMemory or WriteProcessMemory request was completed. (0x12B)
[0523/201521.645:WARNING:pe_image_reader.cc(340)] could not read dos header from C:\WINDOWS\System32\ADVAPI32.dll
[0523/201521.645:ERROR:process_memory_win.cc(73)] ReadMemory at 0x7ff8f0190000 of 64 bytes failed: Only part of a ReadProcessMemory or WriteProcessMemory request was completed. (0x12B)
[0523/201521.645:WARNING:pe_image_reader.cc(340)] could not read dos header from C:\WINDOWS\System32\sechost.dll
[0523/201521.645:ERROR:process_memory_win.cc(73)] ReadMemory at 0x7ff8f1870000 of 64 bytes failed: Only part of a ReadProcessMemory or WriteProcessMemory request was completed. (0x12B)
[0523/201521.645:WARNING:pe_image_reader.cc(340)] could not read dos header from C:\WINDOWS\System32\RPCRT4.dll
[0523/201521.645:ERROR:process_memory_win.cc(73)] ReadMemory at 0x7ff86f630000 of 64 bytes failed: Only part of a ReadProcessMemory or WriteProcessMemory request was completed. (0x12B)
[0523/201521.645:WARNING:pe_image_reader.cc(340)] could not read dos header from C:\Program Files (x86)\Google\Chrome\Application\81.0.4044.138\chrome.dll
[0523/201521.645:ERROR:process_memory_win.cc(73)] ReadMemory at 0x7ff8f09a0000 of 64 bytes failed: Only part of a ReadProcessMemory or WriteProcessMemory request was completed. (0x12B)
[0523/201521.646:WARNING:pe_image_reader.cc(340)] could not read dos header from C:\WINDOWS\System32\WS2_32.dll
[0523/201521.646:ERROR:process_memory_win.cc(73)] ReadMemory at 0x7ff8efea0000 of 64 bytes failed: Only part of a ReadProcessMemory or WriteProcessMemory request was completed. (0x12B)
[0523/201521.646:WARNING:pe_image_reader.cc(340)] could not read dos header from C:\WINDOWS\System32\OLEAUT32.dll
[0523/201521.646:ERROR:process_memory_win.cc(73)] ReadMemory at 0x7ff8ef960000 of 64 bytes failed: Only part of a ReadProcessMemory or WriteProcessMemory request was completed. (0x12B)
[0523/201521.646:WARNING:pe_image_reader.cc(340)] could not read dos header from C:\WINDOWS\System32\msvcp_win.dll
[0523/201521.646:ERROR:process_memory_win.cc(73)] ReadMemory at 0x7ff8ef860000 of 64 bytes failed: Only part of a ReadProcessMemory or WriteProcessMemory request was completed. (0x12B)
[0523/201521.646:WARNING:pe_image_reader.cc(340)] could not read dos header from C:\WINDOWS\System32\ucrtbase.dll
[0523/201521.646:ERROR:process_memory_win.cc(73)] ReadMemory at 0x7ff8f10a0000 of 64 bytes failed: Only part of a ReadProcessMemory or WriteProcessMemory request was completed. (0x12B)
[0523/201521.646:WARNING:pe_image_reader.cc(340)] could not read dos header from C:\WINDOWS\System32\combase.dll
[0523/201521.646:ERROR:process_memory_win.cc(73)] ReadMemory at 0x7ff8eee90000 of 64 bytes failed: Only part of a ReadProcessMemory or WriteProcessMemory request was completed. (0x12B)
[0523/201521.646:WARNING:pe_image_reader.cc(340)] could not read dos header from C:\WINDOWS\System32\WINTRUST.dll
[0523/201521.646:ERROR:process_memory_win.cc(73)] ReadMemory at 0x7ff8eea00000 of 64 bytes failed: Only part of a ReadProcessMemory or WriteProcessMemory request was completed. (0x12B)
[0523/201521.646:WARNING:pe_image_reader.cc(340)] could not read dos header from C:\WINDOWS\System32\MSASN1.dll
[0523/201521.646:ERROR:process_memory_win.cc(73)] ReadMemory at 0x7ff8eea90000 of 64 bytes failed: Only part of a ReadProcessMemory or WriteProcessMemory request was completed. (0x12B)
[0523/201521.646:WARNING:pe_image_reader.cc(340)] could not read dos header from C:\WINDOWS\System32\CRYPT32.dll
[0523/201521.646:ERROR:process_memory_win.cc(73)] ReadMemory at 0x7ff8edee0000 of 64 bytes failed: Only part of a ReadProcessMemory or WriteProcessMemory request was completed. (0x12B)
[0523/201521.646:WARNING:pe_image_reader.cc(340)] could not read dos header from C:\WINDOWS\SYSTEM32\IPHLPAPI.DLL
[0523/201521.646:ERROR:process_memory_win.cc(73)] ReadMemory at 0x7ff8ec730000 of 64 bytes failed: Only part of a ReadProcessMemory or WriteProcessMemory request was completed. (0x12B)
[0523/201521.646:WARNING:pe_image_reader.cc(340)] could not read dos header from C:\WINDOWS\SYSTEM32\WINMM.dll
[0523/201521.646:ERROR:process_memory_win.cc(73)] ReadMemory at 0x7ff8dcbf0000 of 64 bytes failed: Only part of a ReadProcessMemory or WriteProcessMemory request was completed. (0x12B)
[0523/201521.646:WARNING:pe_image_reader.cc(340)] could not read dos header from C:\WINDOWS\SYSTEM32\Secur32.dll
[0523/201521.646:ERROR:process_memory_win.cc(73)] ReadMemory at 0x7ff8ee8b0000 of 64 bytes failed: Only part of a ReadProcessMemory or WriteProcessMemory request was completed. (0x12B)
[0523/201521.646:WARNING:pe_image_reader.cc(340)] could not read dos header from C:\WINDOWS\SYSTEM32\USERENV.dll
[0523/201521.646:ERROR:process_memory_win.cc(73)] ReadMemory at 0x7ff8ee9d0000 of 64 bytes failed: Only part of a ReadProcessMemory or WriteProcessMemory request was completed. (0x12B)
[0523/201521.646:WARNING:pe_image_reader.cc(340)] could not read dos header from C:\WINDOWS\System32\profapi.dll
[0523/201521.646:ERROR:process_memory_win.cc(73)] ReadMemory at 0x7ff8c63b0000 of 64 bytes failed: Only part of a ReadProcessMemory or WriteProcessMemory request was completed. (0x12B)
[0523/201521.646:WARNING:pe_image_reader.cc(340)] could not read dos header from C:\WINDOWS\SYSTEM32\UIAutomationCore.DLL
[0523/201521.646:ERROR:process_memory_win.cc(73)] ReadMemory at 0x7ff8cdb50000 of 64 bytes failed: Only part of a ReadProcessMemory or WriteProcessMemory request was completed. (0x12B)
[0523/201521.647:WARNING:pe_image_reader.cc(340)] could not read dos header from C:\WINDOWS\SYSTEM32\DWrite.dll
[0523/201521.647:ERROR:process_memory_win.cc(73)] ReadMemory at 0x7ff8c9a00000 of 64 bytes failed: Only part of a ReadProcessMemory or WriteProcessMemory request was completed. (0x12B)
[0523/201521.647:WARNING:pe_image_reader.cc(340)] could not read dos header from C:\WINDOWS\SYSTEM32\WINSPOOL.DRV
[0523/201521.647:ERROR:process_memory_win.cc(73)] ReadMemory at 0x7ff8eea70000 of 64 bytes failed: Only part of a ReadProcessMemory or WriteProcessMemory request was completed. (0x12B)
[0523/201521.647:WARNING:pe_image_reader.cc(340)] could not read dos header from C:\WINDOWS\System32\kernel.appcore.dll
[0523/201521.647:ERROR:process_memory_win.cc(73)] ReadMemory at 0x7ff8efa00000 of 64 bytes failed: Only part of a ReadProcessMemory or WriteProcessMemory request was completed. (0x12B)
[0523/201521.647:WARNING:pe_image_reader.cc(340)] could not read dos header from C:\WINDOWS\System32\bcrypt.dll
[0523/201521.647:ERROR:process_memory_win.cc(73)] ReadMemory at 0x7ff8ed3c0000 of 64 bytes failed: Only part of a ReadProcessMemory or WriteProcessMemory request was completed. (0x12B)
[0523/201521.647:WARNING:pe_image_reader.cc(340)] could not read dos header from C:\WINDOWS\SYSTEM32\dbghelp.dll
[0523/201521.647:ERROR:process_memory_win.cc(73)] ReadMemory at 0x7ff8e0c20000 of 64 bytes failed: Only part of a ReadProcessMemory or WriteProcessMemory request was completed. (0x12B)
[0523/201521.647:WARNING:pe_image_reader.cc(340)] could not read dos header from C:\WINDOWS\SYSTEM32\WINHTTP.dll
[0523/201521.647:ERROR:process_memory_win.cc(73)] ReadMemory at 0x7ff8e5d70000 of 64 bytes failed: Only part of a ReadProcessMemory or WriteProcessMemory request was completed. (0x12B)
[0523/201521.647:WARNING:pe_image_reader.cc(340)] could not read dos header from C:\WINDOWS\SYSTEM32\dhcpcsvc.DLL
[0523/201521.647:ERROR:process_memory_win.cc(73)] ReadMemory at 0x7ff8f1090000 of 64 bytes failed: Only part of a ReadProcessMemory or WriteProcessMemory request was completed. (0x12B)
[0523/201521.647:WARNING:pe_image_reader.cc(340)] could not read dos header from C:\WINDOWS\System32\NSI.dll
[0523/201521.647:ERROR:process_memory_win.cc(73)] ReadMemory at 0x7ff8ec700000 of 64 bytes failed: Only part of a ReadProcessMemory or WriteProcessMemory request was completed. (0x12B)
[0523/201521.647:WARNING:pe_image_reader.cc(340)] could not read dos header from C:\WINDOWS\SYSTEM32\WINMMBASE.dll
[0523/201521.647:ERROR:process_memory_win.cc(73)] ReadMemory at 0x7ff8eeef0000 of 64 bytes failed: Only part of a ReadProcessMemory or WriteProcessMemory request was completed. (0x12B)
[0523/201521.647:WARNING:pe_image_reader.cc(340)] could not read dos header from C:\WINDOWS\System32\cfgmgr32.dll
[0523/201521.647:ERROR:process_memory_win.cc(73)] ReadMemory at 0x7ff8eb040000 of 64 bytes failed: Only part of a ReadProcessMemory or WriteProcessMemory request was completed. (0x12B)
[0523/201521.647:WARNING:pe_image_reader.cc(340)] could not read dos header from C:\WINDOWS\SYSTEM32\PROPSYS.dll
[0523/201521.647:ERROR:process_memory_win.cc(73)] ReadMemory at 0x7ff8f0fe0000 of 64 bytes failed: Only part of a ReadProcessMemory or WriteProcessMemory request was completed. (0x12B)
[0523/201521.647:WARNING:pe_image_reader.cc(340)] could not read dos header from C:\WINDOWS\System32\shcore.dll
[0523/201521.647:ERROR:process_memory_win.cc(73)] ReadMemory at 0x7ff8ee8e0000 of 64 bytes failed: Only part of a ReadProcessMemory or WriteProcessMemory request was completed. (0x12B)
[0523/201521.647:WARNING:pe_image_reader.cc(340)] could not read dos header from C:\WINDOWS\SYSTEM32\SSPICLI.DLL
[0523/201521.647:ERROR:process_memory_win.cc(73)] ReadMemory at 0x7ff8ee3a0000 of 64 bytes failed: Only part of a ReadProcessMemory or WriteProcessMemory request was completed. (0x12B)
[0523/201521.647:WARNING:pe_image_reader.cc(340)] could not read dos header from C:\WINDOWS\SYSTEM32\CRYPTBASE.DLL
[0523/201521.655:ERROR:process_memory_win.cc(73)] ReadMemory at 0x7ff7c2170000 of 64 bytes failed: Only part of a ReadProcessMemory or WriteProcessMemory request was completed. (0x12B)
[0523/201521.655:WARNING:pe_image_reader.cc(340)] could not read dos header from C:\Program Files (x86)\Google\Chrome\Application\chrome.exe
[0523/201521.655:ERROR:process_memory_win.cc(73)] ReadMemory at 0x7ff8f1b00000 of 64 bytes failed: Only part of a ReadProcessMemory or WriteProcessMemory request was completed. (0x12B)
[0523/201521.655:WARNING:pe_image_reader.cc(340)] could not read dos header from C:\WINDOWS\SYSTEM32\ntdll.dll
[0523/201521.655:ERROR:process_memory_win.cc(73)] ReadMemory at 0x7ff8f1a00000 of 64 bytes failed: Only part of a ReadProcessMemory or WriteProcessMemory request was completed. (0x12B)
[0523/201521.655:WARNING:pe_image_reader.cc(340)] could not read dos header from C:\WINDOWS\System32\KERNEL32.DLL
[0523/201521.655:ERROR:process_memory_win.cc(73)] ReadMemory at 0x7ff8eebe0000 of 64 bytes failed: Only part of a ReadProcessMemory or WriteProcessMemory request was completed. (0x12B)
[0523/201521.655:WARNING:pe_image_reader.cc(340)] could not read dos header from C:\WINDOWS\System32\KERNELBASE.dll
[0523/201521.655:ERROR:process_memory_win.cc(73)] ReadMemory at 0x7ff8cd8b0000 of 64 bytes failed: Only part of a ReadProcessMemory or WriteProcessMemory request was completed. (0x12B)
[0523/201521.655:WARNING:pe_image_reader.cc(340)] could not read dos header from C:\Program Files (x86)\Google\Chrome\Application\81.0.4044.138\chrome_elf.dll
[0523/201521.655:ERROR:process_memory_win.cc(73)] ReadMemory at 0x7ff8e5d60000 of 64 bytes failed: Only part of a ReadProcessMemory or WriteProcessMemory request was completed. (0x12B)
[0523/201521.655:WARNING:pe_image_reader.cc(340)] could not read dos header from C:\WINDOWS\SYSTEM32\VERSION.dll
[0523/201521.656:ERROR:process_memory_win.cc(73)] ReadMemory at 0x7ff8f00c0000 of 64 bytes failed: Only part of a ReadProcessMemory or WriteProcessMemory request was completed. (0x12B)
[0523/201521.656:WARNING:pe_image_reader.cc(340)] could not read dos header from C:\WINDOWS\System32\msvcrt.dll
[0523/201521.656:ERROR:process_memory_win.cc(73)] ReadMemory at 0x7ff8efb30000 of 64 bytes failed: Only part of a ReadProcessMemory or WriteProcessMemory request was completed. (0x12B)
[0523/201521.656:WARNING:pe_image_reader.cc(340)] could not read dos header from C:\WINDOWS\System32\bcryptPrimitives.dll
[0523/201521.656:ERROR:process_memory_win.cc(73)] ReadMemory at 0x7ff8eff70000 of 64 bytes failed: Only part of a ReadProcessMemory or WriteProcessMemory request was completed. (0x12B)
[0523/201521.656:WARNING:pe_image_reader.cc(340)] could not read dos header from C:\WINDOWS\System32\ADVAPI32.dll
[0523/201521.656:ERROR:process_memory_win.cc(73)] ReadMemory at 0x7ff8f0190000 of 64 bytes failed: Only part of a ReadProcessMemory or WriteProcessMemory request was completed. (0x12B)
[0523/201521.656:WARNING:pe_image_reader.cc(340)] could not read dos header from C:\WINDOWS\System32\sechost.dll
[0523/201521.656:ERROR:process_memory_win.cc(73)] ReadMemory at 0x7ff8f1870000 of 64 bytes failed: Only part of a ReadProcessMemory or WriteProcessMemory request was completed. (0x12B)
[0523/201521.656:WARNING:pe_image_reader.cc(340)] could not read dos header from C:\WINDOWS\System32\RPCRT4.dll
[0523/201521.656:ERROR:process_memory_win.cc(73)] ReadMemory at 0x7ff86f630000 of 64 bytes failed: Only part of a ReadProcessMemory or WriteProcessMemory request was completed. (0x12B)
[0523/201521.656:WARNING:pe_image_reader.cc(340)] could not read dos header from C:\Program Files (x86)\Google\Chrome\Application\81.0.4044.138\chrome.dll
[0523/201521.656:ERROR:process_memory_win.cc(73)] ReadMemory at 0x7ff8f09a0000 of 64 bytes failed: Only part of a ReadProcessMemory or WriteProcessMemory request was completed. (0x12B)
[0523/201521.656:WARNING:pe_image_reader.cc(340)] could not read dos header from C:\WINDOWS\System32\WS2_32.dll
[0523/201521.656:ERROR:process_memory_win.cc(73)] ReadMemory at 0x7ff8efea0000 of 64 bytes failed: Only part of a ReadProcessMemory or WriteProcessMemory request was completed. (0x12B)
[0523/201521.656:WARNING:pe_image_reader.cc(340)] could not read dos header from C:\WINDOWS\System32\OLEAUT32.dll
[0523/201521.656:ERROR:process_memory_win.cc(73)] ReadMemory at 0x7ff8ef960000 of 64 bytes failed: Only part of a ReadProcessMemory or WriteProcessMemory request was completed. (0x12B)
[0523/201521.656:WARNING:pe_image_reader.cc(340)] could not read dos header from C:\WINDOWS\System32\msvcp_win.dll
[0523/201521.656:ERROR:process_memory_win.cc(73)] ReadMemory at 0x7ff8ef860000 of 64 bytes failed: Only part of a ReadProcessMemory or WriteProcessMemory request was completed. (0x12B)
[0523/201521.656:WARNING:pe_image_reader.cc(340)] could not read dos header from C:\WINDOWS\System32\ucrtbase.dll
[0523/201521.656:ERROR:process_memory_win.cc(73)] ReadMemory at 0x7ff8f10a0000 of 64 bytes failed: Only part of a ReadProcessMemory or WriteProcessMemory request was completed. (0x12B)
[0523/201521.656:WARNING:pe_image_reader.cc(340)] could not read dos header from C:\WINDOWS\System32\combase.dll
[0523/201521.656:ERROR:process_memory_win.cc(73)] ReadMemory at 0x7ff8eee90000 of 64 bytes failed: Only part of a ReadProcessMemory or WriteProcessMemory request was completed. (0x12B)
[0523/201521.656:WARNING:pe_image_reader.cc(340)] could not read dos header from C:\WINDOWS\System32\WINTRUST.dll
[0523/201521.656:ERROR:process_memory_win.cc(73)] ReadMemory at 0x7ff8eea00000 of 64 bytes failed: Only part of a ReadProcessMemory or WriteProcessMemory request was completed. (0x12B)
[0523/201521.656:WARNING:pe_image_reader.cc(340)] could not read dos header from C:\WINDOWS\System32\MSASN1.dll
[0523/201521.656:ERROR:process_memory_win.cc(73)] ReadMemory at 0x7ff8eea90000 of 64 bytes failed: Only part of a ReadProcessMemory or WriteProcessMemory request was completed. (0x12B)
[0523/201521.656:WARNING:pe_image_reader.cc(340)] could not read dos header from C:\WINDOWS\System32\CRYPT32.dll
[0523/201521.656:ERROR:process_memory_win.cc(73)] ReadMemory at 0x7ff8edee0000 of 64 bytes failed: Only part of a ReadProcessMemory or WriteProcessMemory request was completed. (0x12B)
[0523/201521.656:WARNING:pe_image_reader.cc(340)] could not read dos header from C:\WINDOWS\SYSTEM32\IPHLPAPI.DLL
[0523/201521.657:ERROR:process_memory_win.cc(73)] ReadMemory at 0x7ff8ec730000 of 64 bytes failed: Only part of a ReadProcessMemory or WriteProcessMemory request was completed. (0x12B)
[0523/201521.657:WARNING:pe_image_reader.cc(340)] could not read dos header from C:\WINDOWS\SYSTEM32\WINMM.dll
[0523/201521.657:ERROR:process_memory_win.cc(73)] ReadMemory at 0x7ff8dcbf0000 of 64 bytes failed: Only part of a ReadProcessMemory or WriteProcessMemory request was completed. (0x12B)
[0523/201521.657:WARNING:pe_image_reader.cc(340)] could not read dos header from C:\WINDOWS\SYSTEM32\Secur32.dll
[0523/201521.657:ERROR:process_memory_win.cc(73)] ReadMemory at 0x7ff8ee8b0000 of 64 bytes failed: Only part of a ReadProcessMemory or WriteProcessMemory request was completed. (0x12B)
[0523/201521.657:WARNING:pe_image_reader.cc(340)] could not read dos header from C:\WINDOWS\SYSTEM32\USERENV.dll
[0523/201521.657:ERROR:process_memory_win.cc(73)] ReadMemory at 0x7ff8ee9d0000 of 64 bytes failed: Only part of a ReadProcessMemory or WriteProcessMemory request was completed. (0x12B)
[0523/201521.657:WARNING:pe_image_reader.cc(340)] could not read dos header from C:\WINDOWS\System32\profapi.dll
[0523/201521.657:ERROR:process_memory_win.cc(73)] ReadMemory at 0x7ff8c63b0000 of 64 bytes failed: Only part of a ReadProcessMemory or WriteProcessMemory request was completed. (0x12B)
[0523/201521.657:WARNING:pe_image_reader.cc(340)] could not read dos header from C:\WINDOWS\SYSTEM32\UIAutomationCore.DLL
[0523/201521.657:ERROR:process_memory_win.cc(73)] ReadMemory at 0x7ff8cdb50000 of 64 bytes failed: Only part of a ReadProcessMemory or WriteProcessMemory request was completed. (0x12B)
[0523/201521.657:WARNING:pe_image_reader.cc(340)] could not read dos header from C:\WINDOWS\SYSTEM32\DWrite.dll
[0523/201521.657:ERROR:process_memory_win.cc(73)] ReadMemory at 0x7ff8c9a00000 of 64 bytes failed: Only part of a ReadProcessMemory or WriteProcessMemory request was completed. (0x12B)
[0523/201521.657:WARNING:pe_image_reader.cc(340)] could not read dos header from C:\WINDOWS\SYSTEM32\WINSPOOL.DRV
[0523/201521.657:ERROR:process_memory_win.cc(73)] ReadMemory at 0x7ff8eea70000 of 64 bytes failed: Only part of a ReadProcessMemory or WriteProcessMemory request was completed. (0x12B)
[0523/201521.657:WARNING:pe_image_reader.cc(340)] could not read dos header from C:\WINDOWS\System32\kernel.appcore.dll
[0523/201521.657:ERROR:process_memory_win.cc(73)] ReadMemory at 0x7ff8efa00000 of 64 bytes failed: Only part of a ReadProcessMemory or WriteProcessMemory request was completed. (0x12B)
[0523/201521.657:WARNING:pe_image_reader.cc(340)] could not read dos header from C:\WINDOWS\System32\bcrypt.dll
[0523/201521.657:ERROR:process_memory_win.cc(73)] ReadMemory at 0x7ff8ed3c0000 of 64 bytes failed: Only part of a ReadProcessMemory or WriteProcessMemory request was completed. (0x12B)
[0523/201521.657:WARNING:pe_image_reader.cc(340)] could not read dos header from C:\WINDOWS\SYSTEM32\dbghelp.dll
[0523/201521.657:ERROR:process_memory_win.cc(73)] ReadMemory at 0x7ff8e0c20000 of 64 bytes failed: Only part of a ReadProcessMemory or WriteProcessMemory request was completed. (0x12B)
[0523/201521.657:WARNING:pe_image_reader.cc(340)] could not read dos header from C:\WINDOWS\SYSTEM32\WINHTTP.dll
[0523/201521.657:ERROR:process_memory_win.cc(73)] ReadMemory at 0x7ff8e5d70000 of 64 bytes failed: Only part of a ReadProcessMemory or WriteProcessMemory request was completed. (0x12B)
[0523/201521.657:WARNING:pe_image_reader.cc(340)] could not read dos header from C:\WINDOWS\SYSTEM32\dhcpcsvc.DLL
[0523/201521.657:ERROR:process_memory_win.cc(73)] ReadMemory at 0x7ff8f1090000 of 64 bytes failed: Only part of a ReadProcessMemory or WriteProcessMemory request was completed. (0x12B)
[0523/201521.657:WARNING:pe_image_reader.cc(340)] could not read dos header from C:\WINDOWS\System32\NSI.dll
[0523/201521.657:ERROR:process_memory_win.cc(73)] ReadMemory at 0x7ff8ec700000 of 64 bytes failed: Only part of a ReadProcessMemory or WriteProcessMemory request was completed. (0x12B)
[0523/201521.657:WARNING:pe_image_reader.cc(340)] could not read dos header from C:\WINDOWS\SYSTEM32\WINMMBASE.dll
[0523/201521.657:ERROR:process_memory_win.cc(73)] ReadMemory at 0x7ff8eeef0000 of 64 bytes failed: Only part of a ReadProcessMemory or WriteProcessMemory request was completed. (0x12B)
[0523/201521.657:WARNING:pe_image_reader.cc(340)] could not read dos header from C:\WINDOWS\System32\cfgmgr32.dll
[0523/201521.657:ERROR:process_memory_win.cc(73)] ReadMemory at 0x7ff8eb040000 of 64 bytes failed: Only part of a ReadProcessMemory or WriteProcessMemory request was completed. (0x12B)
[0523/201521.657:WARNING:pe_image_reader.cc(340)] could not read dos header from C:\WINDOWS\SYSTEM32\PROPSYS.dll
[0523/201521.657:ERROR:process_memory_win.cc(73)] ReadMemory at 0x7ff8f0fe0000 of 64 bytes failed: Only part of a ReadProcessMemory or WriteProcessMemory request was completed. (0x12B)
[0523/201521.657:WARNING:pe_image_reader.cc(340)] could not read dos header from C:\WINDOWS\System32\shcore.dll
[0523/201521.657:ERROR:process_memory_win.cc(73)] ReadMemory at 0x7ff8ee8e0000 of 64 bytes failed: Only part of a ReadProcessMemory or WriteProcessMemory request was completed. (0x12B)
[0523/201521.658:WARNING:pe_image_reader.cc(340)] could not read dos header from C:\WINDOWS\SYSTEM32\SSPICLI.DLL
[0523/201521.658:ERROR:process_memory_win.cc(73)] ReadMemory at 0x7ff8ee3a0000 of 64 bytes failed: Only part of a ReadProcessMemory or WriteProcessMemory request was completed. (0x12B)
[0523/201521.658:WARNING:pe_image_reader.cc(340)] could not read dos header from C:\WINDOWS\SYSTEM32\CRYPTBASE.DLL
[0523/201521.658:ERROR:process_memory_win.cc(73)] ReadMemory at 0x7ff7c2170000 of 64 bytes failed: Only part of a ReadProcessMemory or WriteProcessMemory request was completed. (0x12B)
[0523/201521.658:WARNING:pe_image_reader.cc(340)] could not read dos header from C:\Program Files (x86)\Google\Chrome\Application\chrome.exe
[0523/201521.658:ERROR:process_memory_win.cc(73)] ReadMemory at 0x7ff8f1b00000 of 64 bytes failed: Only part of a ReadProcessMemory or WriteProcessMemory request was completed. (0x12B)
[0523/201521.658:WARNING:pe_image_reader.cc(340)] could not read dos header from C:\WINDOWS\SYSTEM32\ntdll.dll
[0523/201521.658:ERROR:process_memory_win.cc(73)] ReadMemory at 0x7ff8f1a00000 of 64 bytes failed: Only part of a ReadProcessMemory or WriteProcessMemory request was completed. (0x12B)
[0523/201521.658:WARNING:pe_image_reader.cc(340)] could not read dos header from C:\WINDOWS\System32\KERNEL32.DLL
[0523/201521.658:ERROR:process_memory_win.cc(73)] ReadMemory at 0x7ff8eebe0000 of 64 bytes failed: Only part of a ReadProcessMemory or WriteProcessMemory request was completed. (0x12B)
[0523/201521.658:WARNING:pe_image_reader.cc(340)] could not read dos header from C:\WINDOWS\System32\KERNELBASE.dll
[0523/201521.658:ERROR:process_memory_win.cc(73)] ReadMemory at 0x7ff8cd8b0000 of 64 bytes failed: Only part of a ReadProcessMemory or WriteProcessMemory request was completed. (0x12B)
[0523/201521.658:WARNING:pe_image_reader.cc(340)] could not read dos header from C:\Program Files (x86)\Google\Chrome\Application\81.0.4044.138\chrome_elf.dll
[0523/201521.658:ERROR:process_memory_win.cc(73)] ReadMemory at 0x7ff8e5d60000 of 64 bytes failed: Only part of a ReadProcessMemory or WriteProcessMemory request was completed. (0x12B)
[0523/201521.658:WARNING:pe_image_reader.cc(340)] could not read dos header from C:\WINDOWS\SYSTEM32\VERSION.dll
[0523/201521.658:ERROR:process_memory_win.cc(73)] ReadMemory at 0x7ff8f00c0000 of 64 bytes failed: Only part of a ReadProcessMemory or WriteProcessMemory request was completed. (0x12B)
[0523/201521.658:WARNING:pe_image_reader.cc(340)] could not read dos header from C:\WINDOWS\System32\msvcrt.dll
[0523/201521.658:ERROR:process_memory_win.cc(73)] ReadMemory at 0x7ff8efb30000 of 64 bytes failed: Only part of a ReadProcessMemory or WriteProcessMemory request was completed. (0x12B)
[0523/201521.658:WARNING:pe_image_reader.cc(340)] could not read dos header from C:\WINDOWS\System32\bcryptPrimitives.dll
[0523/201521.658:ERROR:process_memory_win.cc(73)] ReadMemory at 0x7ff8eff70000 of 64 bytes failed: Only part of a ReadProcessMemory or WriteProcessMemory request was completed. (0x12B)
[0523/201521.658:WARNING:pe_image_reader.cc(340)] could not read dos header from C:\WINDOWS\System32\ADVAPI32.dll
[0523/201521.658:ERROR:process_memory_win.cc(73)] ReadMemory at 0x7ff8f0190000 of 64 bytes failed: Only part of a ReadProcessMemory or WriteProcessMemory request was completed. (0x12B)
[0523/201521.658:WARNING:pe_image_reader.cc(340)] could not read dos header from C:\WINDOWS\System32\sechost.dll
[0523/201521.658:ERROR:process_memory_win.cc(73)] ReadMemory at 0x7ff8f1870000 of 64 bytes failed: Only part of a ReadProcessMemory or WriteProcessMemory request was completed. (0x12B)
[0523/201521.658:WARNING:pe_image_reader.cc(340)] could not read dos header from C:\WINDOWS\System32\RPCRT4.dll
[0523/201521.658:ERROR:process_memory_win.cc(73)] ReadMemory at 0x7ff86f630000 of 64 bytes failed: Only part of a ReadProcessMemory or WriteProcessMemory request was completed. (0x12B)
[0523/201521.658:WARNING:pe_image_reader.cc(340)] could not read dos header from C:\Program Files (x86)\Google\Chrome\Application\81.0.4044.138\chrome.dll
[0523/201521.658:ERROR:process_memory_win.cc(73)] ReadMemory at 0x7ff8f09a0000 of 64 bytes failed: Only part of a ReadProcessMemory or WriteProcessMemory request was completed. (0x12B)
[0523/201521.658:WARNING:pe_image_reader.cc(340)] could not read dos header from C:\WINDOWS\System32\WS2_32.dll
[0523/201521.658:ERROR:process_memory_win.cc(73)] ReadMemory at 0x7ff8efea0000 of 64 bytes failed: Only part of a ReadProcessMemory or WriteProcessMemory request was completed. (0x12B)
[0523/201521.658:WARNING:pe_image_reader.cc(340)] could not read dos header from C:\WINDOWS\System32\OLEAUT32.dll
[0523/201521.658:ERROR:process_memory_win.cc(73)] ReadMemory at 0x7ff8ef960000 of 64 bytes failed: Only part of a ReadProcessMemory or WriteProcessMemory request was completed. (0x12B)
[0523/201521.658:WARNING:pe_image_reader.cc(340)] could not read dos header from C:\WINDOWS\System32\msvcp_win.dll
[0523/201521.658:ERROR:process_memory_win.cc(73)] ReadMemory at 0x7ff8ef860000 of 64 bytes failed: Only part of a ReadProcessMemory or WriteProcessMemory request was completed. (0x12B)
[0523/201521.659:WARNING:pe_image_reader.cc(340)] could not read dos header from C:\WINDOWS\System32\ucrtbase.dll
[0523/201521.659:ERROR:process_memory_win.cc(73)] ReadMemory at 0x7ff8f10a0000 of 64 bytes failed: Only part of a ReadProcessMemory or WriteProcessMemory request was completed. (0x12B)
[0523/201521.659:WARNING:pe_image_reader.cc(340)] could not read dos header from C:\WINDOWS\System32\combase.dll
[0523/201521.659:ERROR:process_memory_win.cc(73)] ReadMemory at 0x7ff8eee90000 of 64 bytes failed: Only part of a ReadProcessMemory or WriteProcessMemory request was completed. (0x12B)
[0523/201521.659:WARNING:pe_image_reader.cc(340)] could not read dos header from C:\WINDOWS\System32\WINTRUST.dll
[0523/201521.659:ERROR:process_memory_win.cc(73)] ReadMemory at 0x7ff8eea00000 of 64 bytes failed: Only part of a ReadProcessMemory or WriteProcessMemory request was completed. (0x12B)
[0523/201521.659:WARNING:pe_image_reader.cc(340)] could not read dos header from C:\WINDOWS\System32\MSASN1.dll
[0523/201521.659:ERROR:process_memory_win.cc(73)] ReadMemory at 0x7ff8eea90000 of 64 bytes failed: Only part of a ReadProcessMemory or WriteProcessMemory request was completed. (0x12B)
[0523/201521.659:WARNING:pe_image_reader.cc(340)] could not read dos header from C:\WINDOWS\System32\CRYPT32.dll
[0523/201521.659:ERROR:process_memory_win.cc(73)] ReadMemory at 0x7ff8edee0000 of 64 bytes failed: Only part of a ReadProcessMemory or WriteProcessMemory request was completed. (0x12B)
[0523/201521.659:WARNING:pe_image_reader.cc(340)] could not read dos header from C:\WINDOWS\SYSTEM32\IPHLPAPI.DLL
[0523/201521.659:ERROR:process_memory_win.cc(73)] ReadMemory at 0x7ff8ec730000 of 64 bytes failed: Only part of a ReadProcessMemory or WriteProcessMemory request was completed. (0x12B)
[0523/201521.659:WARNING:pe_image_reader.cc(340)] could not read dos header from C:\WINDOWS\SYSTEM32\WINMM.dll
[0523/201521.659:ERROR:process_memory_win.cc(73)] ReadMemory at 0x7ff8dcbf0000 of 64 bytes failed: Only part of a ReadProcessMemory or WriteProcessMemory request was completed. (0x12B)
[0523/201521.659:WARNING:pe_image_reader.cc(340)] could not read dos header from C:\WINDOWS\SYSTEM32\Secur32.dll
[0523/201521.659:ERROR:process_memory_win.cc(73)] ReadMemory at 0x7ff8ee8b0000 of 64 bytes failed: Only part of a ReadProcessMemory or WriteProcessMemory request was completed. (0x12B)
[0523/201521.659:WARNING:pe_image_reader.cc(340)] could not read dos header from C:\WINDOWS\SYSTEM32\USERENV.dll
[0523/201521.659:ERROR:process_memory_win.cc(73)] ReadMemory at 0x7ff8ee9d0000 of 64 bytes failed: Only part of a ReadProcessMemory or WriteProcessMemory request was completed. (0x12B)
[0523/201521.659:WARNING:pe_image_reader.cc(340)] could not read dos header from C:\WINDOWS\System32\profapi.dll
[0523/201521.659:ERROR:process_memory_win.cc(73)] ReadMemory at 0x7ff8c63b0000 of 64 bytes failed: Only part of a ReadProcessMemory or WriteProcessMemory request was completed. (0x12B)
[0523/201521.659:WARNING:pe_image_reader.cc(340)] could not read dos header from C:\WINDOWS\SYSTEM32\UIAutomationCore.DLL
[0523/201521.659:ERROR:process_memory_win.cc(73)] ReadMemory at 0x7ff8cdb50000 of 64 bytes failed: Only part of a ReadProcessMemory or WriteProcessMemory request was completed. (0x12B)
[0523/201521.659:WARNING:pe_image_reader.cc(340)] could not read dos header from C:\WINDOWS\SYSTEM32\DWrite.dll
[0523/201521.659:ERROR:process_memory_win.cc(73)] ReadMemory at 0x7ff8c9a00000 of 64 bytes failed: Only part of a ReadProcessMemory or WriteProcessMemory request was completed. (0x12B)
[0523/201521.659:WARNING:pe_image_reader.cc(340)] could not read dos header from C:\WINDOWS\SYSTEM32\WINSPOOL.DRV
[0523/201521.659:ERROR:process_memory_win.cc(73)] ReadMemory at 0x7ff8eea70000 of 64 bytes failed: Only part of a ReadProcessMemory or WriteProcessMemory request was completed. (0x12B)
[0523/201521.659:WARNING:pe_image_reader.cc(340)] could not read dos header from C:\WINDOWS\System32\kernel.appcore.dll
[0523/201521.659:ERROR:process_memory_win.cc(73)] ReadMemory at 0x7ff8efa00000 of 64 bytes failed: Only part of a ReadProcessMemory or WriteProcessMemory request was completed. (0x12B)
[0523/201521.659:WARNING:pe_image_reader.cc(340)] could not read dos header from C:\WINDOWS\System32\bcrypt.dll
[0523/201521.659:ERROR:process_memory_win.cc(73)] ReadMemory at 0x7ff8ed3c0000 of 64 bytes failed: Only part of a ReadProcessMemory or WriteProcessMemory request was completed. (0x12B)
[0523/201521.659:WARNING:pe_image_reader.cc(340)] could not read dos header from C:\WINDOWS\SYSTEM32\dbghelp.dll
[0523/201521.659:ERROR:process_memory_win.cc(73)] ReadMemory at 0x7ff8e0c20000 of 64 bytes failed: Only part of a ReadProcessMemory or WriteProcessMemory request was completed. (0x12B)
[0523/201521.659:WARNING:pe_image_reader.cc(340)] could not read dos header from C:\WINDOWS\SYSTEM32\WINHTTP.dll
[0523/201521.660:ERROR:process_memory_win.cc(73)] ReadMemory at 0x7ff8e5d70000 of 64 bytes failed: Only part of a ReadProcessMemory or WriteProcessMemory request was completed. (0x12B)
[0523/201521.660:WARNING:pe_image_reader.cc(340)] could not read dos header from C:\WINDOWS\SYSTEM32\dhcpcsvc.DLL
[0523/201521.660:ERROR:process_memory_win.cc(73)] ReadMemory at 0x7ff8f1090000 of 64 bytes failed: Only part of a ReadProcessMemory or WriteProcessMemory request was completed. (0x12B)
[0523/201521.660:WARNING:pe_image_reader.cc(340)] could not read dos header from C:\WINDOWS\System32\NSI.dll
[0523/201521.660:ERROR:process_memory_win.cc(73)] ReadMemory at 0x7ff8ec700000 of 64 bytes failed: Only part of a ReadProcessMemory or WriteProcessMemory request was completed. (0x12B)
[0523/201521.660:WARNING:pe_image_reader.cc(340)] could not read dos header from C:\WINDOWS\SYSTEM32\WINMMBASE.dll
[0523/201521.660:ERROR:process_memory_win.cc(73)] ReadMemory at 0x7ff8eeef0000 of 64 bytes failed: Only part of a ReadProcessMemory or WriteProcessMemory request was completed. (0x12B)
[0523/201521.660:WARNING:pe_image_reader.cc(340)] could not read dos header from C:\WINDOWS\System32\cfgmgr32.dll
[0523/201521.660:ERROR:process_memory_win.cc(73)] ReadMemory at 0x7ff8eb040000 of 64 bytes failed: Only part of a ReadProcessMemory or WriteProcessMemory request was completed. (0x12B)
[0523/201521.660:WARNING:pe_image_reader.cc(340)] could not read dos header from C:\WINDOWS\SYSTEM32\PROPSYS.dll
[0523/201521.660:ERROR:process_memory_win.cc(73)] ReadMemory at 0x7ff8f0fe0000 of 64 bytes failed: Only part of a ReadProcessMemory or WriteProcessMemory request was completed. (0x12B)
[0523/201521.660:WARNING:pe_image_reader.cc(340)] could not read dos header from C:\WINDOWS\System32\shcore.dll
[0523/201521.660:ERROR:process_memory_win.cc(73)] ReadMemory at 0x7ff8ee8e0000 of 64 bytes failed: Only part of a ReadProcessMemory or WriteProcessMemory request was completed. (0x12B)
[0523/201521.660:WARNING:pe_image_reader.cc(340)] could not read dos header from C:\WINDOWS\SYSTEM32\SSPICLI.DLL
[0523/201521.660:ERROR:process_memory_win.cc(73)] ReadMemory at 0x7ff8ee3a0000 of 64 bytes failed: Only part of a ReadProcessMemory or WriteProcessMemory request was completed. (0x12B)
[0523/201521.660:WARNING:pe_image_reader.cc(340)] could not read dos header from C:\WINDOWS\SYSTEM32\CRYPTBASE.DLL
[0523/201521.678:ERROR:process_memory_win.cc(73)] ReadMemory at 0x9b119f9000 of 28672 bytes failed: Only part of a ReadProcessMemory or WriteProcessMemory request was completed. (0x12B)
[0523/201521.678:ERROR:process_memory_win.cc(73)] ReadMemory at 0x9b121fd000 of 12288 bytes failed: Only part of a ReadProcessMemory or WriteProcessMemory request was completed. (0x12B)
[0523/201521.678:ERROR:process_memory_win.cc(73)] ReadMemory at 0x9b129fd000 of 12288 bytes failed: Only part of a ReadProcessMemory or WriteProcessMemory request was completed. (0x12B)
[0523/201521.678:ERROR:process_memory_win.cc(73)] ReadMemory at 0x9b131fc000 of 16384 bytes failed: Only part of a ReadProcessMemory or WriteProcessMemory request was completed. (0x12B)
[0523/201521.678:ERROR:process_memory_win.cc(73)] ReadMemory at 0x9b139fc000 of 16384 bytes failed: Only part of a ReadProcessMemory or WriteProcessMemory request was completed. (0x12B)
[0523/201521.679:ERROR:process_memory_win.cc(73)] ReadMemory at 0x9b141fe000 of 8192 bytes failed: Only part of a ReadProcessMemory or WriteProcessMemory request was completed. (0x12B)
[0523/201521.679:ERROR:process_memory_win.cc(73)] ReadMemory at 0x9b149fd000 of 12288 bytes failed: Only part of a ReadProcessMemory or WriteProcessMemory request was completed. (0x12B)
[0523/201521.679:ERROR:process_memory_win.cc(73)] ReadMemory at 0x9b151fd000 of 12288 bytes failed: Only part of a ReadProcessMemory or WriteProcessMemory request was completed. (0x12B)
[0523/201521.679:ERROR:process_memory_win.cc(73)] ReadMemory at 0x9b159fd000 of 12288 bytes failed: Only part of a ReadProcessMemory or WriteProcessMemory request was completed. (0x12B)
[0523/201521.679:ERROR:process_memory_win.cc(73)] ReadMemory at 0x9b161fd000 of 12288 bytes failed: Only part of a ReadProcessMemory or WriteProcessMemory request was completed. (0x12B)
[0523/201521.679:ERROR:process_memory_win.cc(73)] ReadMemory at 0x9b169fd000 of 12288 bytes failed: Only part of a ReadProcessMemory or WriteProcessMemory request was completed. (0x12B)
[0523/201521.679:ERROR:process_memory_win.cc(73)] ReadMemory at 0x9b171fd000 of 12288 bytes failed: Only part of a ReadProcessMemory or WriteProcessMemory request was completed. (0x12B)
[0523/201521.679:ERROR:process_memory_win.cc(73)] ReadMemory at 0x9b179fd000 of 12288 bytes failed: Only part of a ReadProcessMemory or WriteProcessMemory request was completed. (0x12B)
[0523/201521.680:ERROR:process_memory_win.cc(73)] ReadMemory at 0x9b181fd000 of 12288 bytes failed: Only part of a ReadProcessMemory or WriteProcessMemory request was completed. (0x12B)
[0523/201521.680:ERROR:process_memory_win.cc(73)] ReadMemory at 0x9b189fd000 of 12288 bytes failed: Only part of a ReadProcessMemory or WriteProcessMemory request was completed. (0x12B)
[0523/201521.718:ERROR:process_memory_win.cc(73)] ReadMemory at 0x9b11150000 of 852 bytes failed: Only part of a ReadProcessMemory or WriteProcessMemory request was completed. (0x12B)
[0523/201521.718:ERROR:process_memory_win.cc(73)] ReadMemory at 0x9b11151000 of 6024 bytes failed: Only part of a ReadProcessMemory or WriteProcessMemory request was completed. (0x12B)
[0523/201521.719:ERROR:process_memory_win.cc(73)] ReadMemory at 0x9b11153000 of 6024 bytes failed: Only part of a ReadProcessMemory or WriteProcessMemory request was completed. (0x12B)
[0523/201521.719:ERROR:process_memory_win.cc(73)] ReadMemory at 0x9b11155000 of 6024 bytes failed: Only part of a ReadProcessMemory or WriteProcessMemory request was completed. (0x12B)
[0523/201521.719:ERROR:process_memory_win.cc(73)] ReadMemory at 0x9b11157000 of 6024 bytes failed: Only part of a ReadProcessMemory or WriteProcessMemory request was completed. (0x12B)
[0523/201521.719:ERROR:process_memory_win.cc(73)] ReadMemory at 0x9b11159000 of 6024 bytes failed: Only part of a ReadProcessMemory or WriteProcessMemory request was completed. (0x12B)
[0523/201521.719:ERROR:process_memory_win.cc(73)] ReadMemory at 0x9b1115b000 of 6024 bytes failed: Only part of a ReadProcessMemory or WriteProcessMemory request was completed. (0x12B)
[0523/201521.719:ERROR:process_memory_win.cc(73)] ReadMemory at 0x9b1115d000 of 6024 bytes failed: Only part of a ReadProcessMemory or WriteProcessMemory request was completed. (0x12B)
[0523/201521.719:ERROR:process_memory_win.cc(73)] ReadMemory at 0x9b1115f000 of 6024 bytes failed: Only part of a ReadProcessMemory or WriteProcessMemory request was completed. (0x12B)
[0523/201521.720:ERROR:process_memory_win.cc(73)] ReadMemory at 0x9b11161000 of 6024 bytes failed: Only part of a ReadProcessMemory or WriteProcessMemory request was completed. (0x12B)
[0523/201521.720:ERROR:process_memory_win.cc(73)] ReadMemory at 0x9b11163000 of 6024 bytes failed: Only part of a ReadProcessMemory or WriteProcessMemory request was completed. (0x12B)
[0523/201521.720:ERROR:process_memory_win.cc(73)] ReadMemory at 0x9b11165000 of 6024 bytes failed: Only part of a ReadProcessMemory or WriteProcessMemory request was completed. (0x12B)
[0523/201521.720:ERROR:process_memory_win.cc(73)] ReadMemory at 0x9b11167000 of 6024 bytes failed: Only part of a ReadProcessMemory or WriteProcessMemory request was completed. (0x12B)
[0523/201521.720:ERROR:process_memory_win.cc(73)] ReadMemory at 0x9b11169000 of 6024 bytes failed: Only part of a ReadProcessMemory or WriteProcessMemory request was completed. (0x12B)
[0523/201521.720:ERROR:process_memory_win.cc(73)] ReadMemory at 0x9b1116b000 of 6024 bytes failed: Only part of a ReadProcessMemory or WriteProcessMemory request was completed. (0x12B)
[0523/201521.720:ERROR:process_memory_win.cc(73)] ReadMemory at 0x9b1116d000 of 6024 bytes failed: Only part of a ReadProcessMemory or WriteProcessMemory request was completed. (0x12B)
[0523/201521.721:ERROR:process_memory_win.cc(73)] ReadMemory at 0x29166760fe0 of 6778 bytes failed: Only part of a ReadProcessMemory or WriteProcessMemory request was completed. (0x12B)
[0523/201521.721:ERROR:process_memory_win.cc(73)] ReadMemory at 0x29166762a70 of 1012 bytes failed: Only part of a ReadProcessMemory or WriteProcessMemory request was completed. (0x12B)
[0523/201521.721:ERROR:process_memory_win.cc(73)] ReadMemory at 0x291667630b8 of 118 bytes failed: Only part of a ReadProcessMemory or WriteProcessMemory request was completed. (0x12B)
[0523/201521.721:ERROR:process_memory_win.cc(73)] ReadMemory at 0x29166763130 of 754 bytes failed: Only part of a ReadProcessMemory or WriteProcessMemory request was completed. (0x12B)
[0523/201521.721:ERROR:process_memory_win.cc(73)] ReadMemory at 0x29166763424 of 118 bytes failed: Only part of a ReadProcessMemory or WriteProcessMemory request was completed. (0x12B)
[0523/201521.721:ERROR:process_memory_win.cc(73)] ReadMemory at 0x2916676349c of 100 bytes failed: Only part of a ReadProcessMemory or WriteProcessMemory request was completed. (0x12B)
[0523/201521.722:ERROR:process_memory_win.cc(73)] ReadMemory at 0x29166763510 of 58 bytes failed: Only part of a ReadProcessMemory or WriteProcessMemory request was completed. (0x12B)
[0523/201521.722:ERROR:process_memory_win.cc(73)] ReadMemory at 0x29166763610 of 132 bytes failed: Only part of a ReadProcessMemory or WriteProcessMemory request was completed. (0x12B)
[0523/201521.722:ERROR:process_memory_win.cc(73)] ReadMemory at 0x291667637a0 of 132 bytes failed: Only part of a ReadProcessMemory or WriteProcessMemory request was completed. (0x12B)
[0523/201521.722:ERROR:process_memory_win.cc(73)] ReadMemory at 0x29166763960 of 126 bytes failed: Only part of a ReadProcessMemory or WriteProcessMemory request was completed. (0x12B)
[0523/201521.722:ERROR:process_memory_win.cc(73)] ReadMemory at 0x29166763d40 of 132 bytes failed: Only part of a ReadProcessMemory or WriteProcessMemory request was completed. (0x12B)
[0523/201521.722:ERROR:process_memory_win.cc(73)] ReadMemory at 0x29166763ed0 of 64 bytes failed: Only part of a ReadProcessMemory or WriteProcessMemory request was completed. (0x12B)
[0523/201521.722:ERROR:process_memory_win.cc(73)] ReadMemory at 0x29166763f20 of 132 bytes failed: Only part of a ReadProcessMemory or WriteProcessMemory request was completed. (0x12B)
[0523/201521.722:ERROR:process_memory_win.cc(73)] ReadMemory at 0x29166764090 of 132 bytes failed: Only part of a ReadProcessMemory or WriteProcessMemory request was completed. (0x12B)
[0523/201521.723:ERROR:process_memory_win.cc(73)] ReadMemory at 0x29166764330 of 132 bytes failed: Only part of a ReadProcessMemory or WriteProcessMemory request was completed. (0x12B)
[0523/201521.723:ERROR:process_memory_win.cc(73)] ReadMemory at 0x291667644c0 of 68 bytes failed: Only part of a ReadProcessMemory or WriteProcessMemory request was completed. (0x12B)
[0523/201521.723:ERROR:process_memory_win.cc(73)] ReadMemory at 0x29166765590 of 132 bytes failed: Only part of a ReadProcessMemory or WriteProcessMemory request was completed. (0x12B)
[0523/201521.723:ERROR:process_memory_win.cc(73)] ReadMemory at 0x29166765720 of 154 bytes failed: Only part of a ReadProcessMemory or WriteProcessMemory request was completed. (0x12B)
[0523/201521.723:ERROR:process_memory_win.cc(73)] ReadMemory at 0x291667678a0 of 62 bytes failed: Only part of a ReadProcessMemory or WriteProcessMemory request was completed. (0x12B)
[0523/201521.723:ERROR:process_memory_win.cc(73)] ReadMemory at 0x29166767920 of 146 bytes failed: Only part of a ReadProcessMemory or WriteProcessMemory request was completed. (0x12B)
[0523/201521.723:ERROR:process_memory_win.cc(73)] ReadMemory at 0x29166767a00 of 132 bytes failed: Only part of a ReadProcessMemory or WriteProcessMemory request was completed. (0x12B)
[0523/201521.723:ERROR:process_memory_win.cc(73)] ReadMemory at 0x29166767b90 of 60 bytes failed: Only part of a ReadProcessMemory or WriteProcessMemory request was completed. (0x12B)
[0523/201521.724:ERROR:process_memory_win.cc(73)] ReadMemory at 0x2916676ab70 of 132 bytes failed: Only part of a ReadProcessMemory or WriteProcessMemory request was completed. (0x12B)
[0523/201521.724:ERROR:process_memory_win.cc(73)] ReadMemory at 0x2916676aec0 of 132 bytes failed: Only part of a ReadProcessMemory or WriteProcessMemory request was completed. (0x12B)
[0523/201521.724:ERROR:process_memory_win.cc(73)] ReadMemory at 0x2916676aff0 of 132 bytes failed: Only part of a ReadProcessMemory or WriteProcessMemory request was completed. (0x12B)
[0523/201521.724:ERROR:process_memory_win.cc(73)] ReadMemory at 0x2916676b1d0 of 64 bytes failed: Only part of a ReadProcessMemory or WriteProcessMemory request was completed. (0x12B)
[0523/201521.724:ERROR:process_memory_win.cc(73)] ReadMemory at 0x2916676b2c0 of 64 bytes failed: Only part of a ReadProcessMemory or WriteProcessMemory request was completed. (0x12B)
[0523/201521.724:ERROR:process_memory_win.cc(73)] ReadMemory at 0x2916676b310 of 62 bytes failed: Only part of a ReadProcessMemory or WriteProcessMemory request was completed. (0x12B)
[0523/201521.724:ERROR:process_memory_win.cc(73)] ReadMemory at 0x2916676b3b0 of 60 bytes failed: Only part of a ReadProcessMemory or WriteProcessMemory request was completed. (0x12B)
[0523/201521.724:ERROR:process_memory_win.cc(73)] ReadMemory at 0x2916676b450 of 62 bytes failed: Only part of a ReadProcessMemory or WriteProcessMemory request was completed. (0x12B)
[0523/201521.724:ERROR:process_memory_win.cc(73)] ReadMemory at 0x2916676b4f0 of 64 bytes failed: Only part of a ReadProcessMemory or WriteProcessMemory request was completed. (0x12B)
[0523/201521.724:ERROR:process_memory_win.cc(73)] ReadMemory at 0x2916676b770 of 66 bytes failed: Only part of a ReadProcessMemory or WriteProcessMemory request was completed. (0x12B)
[0523/201521.724:ERROR:process_memory_win.cc(73)] ReadMemory at 0x2916676b7c0 of 64 bytes failed: Only part of a ReadProcessMemory or WriteProcessMemory request was completed. (0x12B)
[0523/201521.724:ERROR:process_memory_win.cc(73)] ReadMemory at 0x2916676b8b0 of 60 bytes failed: Only part of a ReadProcessMemory or WriteProcessMemory request was completed. (0x12B)
[0523/201521.725:ERROR:process_memory_win.cc(73)] ReadMemory at 0x2916676bd40 of 132 bytes failed: Only part of a ReadProcessMemory or WriteProcessMemory request was completed. (0x12B)
[0523/201521.725:ERROR:process_memory_win.cc(73)] ReadMemory at 0x2916676bf70 of 132 bytes failed: Only part of a ReadProcessMemory or WriteProcessMemory request was completed. (0x12B)
[0523/201521.725:ERROR:process_memory_win.cc(73)] ReadMemory at 0x2916676c100 of 80 bytes failed: Only part of a ReadProcessMemory or WriteProcessMemory request was completed. (0x12B)
[0523/201521.725:ERROR:process_memory_win.cc(73)] ReadMemory at 0x2916676c2b0 of 80 bytes failed: Only part of a ReadProcessMemory or WriteProcessMemory request was completed. (0x12B)
[0523/201521.725:ERROR:process_memory_win.cc(73)] ReadMemory at 0x2916676c430 of 76 bytes failed: Only part of a ReadProcessMemory or WriteProcessMemory request was completed. (0x12B)
[0523/201521.725:ERROR:process_memory_win.cc(73)] ReadMemory at 0x2916676d370 of 512 bytes failed: Only part of a ReadProcessMemory or WriteProcessMemory request was completed. (0x12B)
[0523/201521.725:ERROR:process_memory_win.cc(73)] ReadMemory at 0x2916676e510 of 132 bytes failed: Only part of a ReadProcessMemory or WriteProcessMemory request was completed. (0x12B)
[0523/201521.725:ERROR:process_memory_win.cc(73)] ReadMemory at 0x2916676e870 of 132 bytes failed: Only part of a ReadProcessMemory or WriteProcessMemory request was completed. (0x12B)
[0523/201521.725:ERROR:process_memory_win.cc(73)] ReadMemory at 0x2916676fb80 of 54 bytes failed: Only part of a ReadProcessMemory or WriteProcessMemory request was completed. (0x12B)
[0523/201521.725:ERROR:process_memory_win.cc(73)] ReadMemory at 0x291667708a0 of 132 bytes failed: Only part of a ReadProcessMemory or WriteProcessMemory request was completed. (0x12B)
[0523/201521.726:ERROR:process_memory_win.cc(73)] ReadMemory at 0x29166771700 of 132 bytes failed: Only part of a ReadProcessMemory or WriteProcessMemory request was completed. (0x12B)
[0523/201521.726:ERROR:process_memory_win.cc(73)] ReadMemory at 0x291667754d0 of 132 bytes failed: Only part of a ReadProcessMemory or WriteProcessMemory request was completed. (0x12B)
[0523/201521.726:ERROR:process_memory_win.cc(73)] ReadMemory at 0x29166775600 of 132 bytes failed: Only part of a ReadProcessMemory or WriteProcessMemory request was completed. (0x12B)
[0523/201521.726:ERROR:process_memory_win.cc(73)] ReadMemory at 0x29166775730 of 132 bytes failed: Only part of a ReadProcessMemory or WriteProcessMemory request was completed. (0x12B)
[0523/201521.726:ERROR:process_memory_win.cc(73)] ReadMemory at 0x29166775990 of 132 bytes failed: Only part of a ReadProcessMemory or WriteProcessMemory request was completed. (0x12B)
[0523/201521.726:ERROR:process_memory_win.cc(73)] ReadMemory at 0x29166775ac0 of 132 bytes failed: Only part of a ReadProcessMemory or WriteProcessMemory request was completed. (0x12B)
[0523/201521.726:ERROR:process_memory_win.cc(73)] ReadMemory at 0x29166775bf0 of 132 bytes failed: Only part of a ReadProcessMemory or WriteProcessMemory request was completed. (0x12B)
[0523/201521.726:ERROR:process_memory_win.cc(73)] ReadMemory at 0x29166775d20 of 132 bytes failed: Only part of a ReadProcessMemory or WriteProcessMemory request was completed. (0x12B)
[0523/201521.727:ERROR:process_memory_win.cc(73)] ReadMemory at 0x29166775e50 of 132 bytes failed: Only part of a ReadProcessMemory or WriteProcessMemory request was completed. (0x12B)
[0523/201521.727:ERROR:process_memory_win.cc(73)] ReadMemory at 0x29166775f80 of 132 bytes failed: Only part of a ReadProcessMemory or WriteProcessMemory request was completed. (0x12B)
[0523/201521.727:ERROR:process_memory_win.cc(73)] ReadMemory at 0x291667760b0 of 132 bytes failed: Only part of a ReadProcessMemory or WriteProcessMemory request was completed. (0x12B)
[0523/201521.727:ERROR:process_memory_win.cc(73)] ReadMemory at 0x291667761e0 of 132 bytes failed: Only part of a ReadProcessMemory or WriteProcessMemory request was completed. (0x12B)
[0523/201521.727:ERROR:process_memory_win.cc(73)] ReadMemory at 0x29166776310 of 132 bytes failed: Only part of a ReadProcessMemory or WriteProcessMemory request was completed. (0x12B)
[0523/201521.727:ERROR:process_memory_win.cc(73)] ReadMemory at 0x29166776b40 of 62 bytes failed: Only part of a ReadProcessMemory or WriteProcessMemory request was completed. (0x12B)
[0523/201521.727:ERROR:process_memory_win.cc(73)] ReadMemory at 0x29166776c30 of 60 bytes failed: Only part of a ReadProcessMemory or WriteProcessMemory request was completed. (0x12B)
[0523/201521.727:ERROR:process_memory_win.cc(73)] ReadMemory at 0x29166776c80 of 62 bytes failed: Only part of a ReadProcessMemory or WriteProcessMemory request was completed. (0x12B)
[0523/201521.727:ERROR:process_memory_win.cc(73)] ReadMemory at 0x29166776cd0 of 64 bytes failed: Only part of a ReadProcessMemory or WriteProcessMemory request was completed. (0x12B)
[0523/201521.738:ERROR:process_memory_win.cc(73)] ReadMemory at 0x29166776d20 of 66 bytes failed: Only part of a ReadProcessMemory or WriteProcessMemory request was completed. (0x12B)
[0523/201521.739:ERROR:process_memory_win.cc(73)] ReadMemory at 0x29166777130 of 60 bytes failed: Only part of a ReadProcessMemory or WriteProcessMemory request was completed. (0x12B)
[0523/201521.739:ERROR:process_memory_win.cc(73)] ReadMemory at 0x29166777270 of 62 bytes failed: Only part of a ReadProcessMemory or WriteProcessMemory request was completed. (0x12B)
[0523/201521.739:ERROR:process_memory_win.cc(73)] ReadMemory at 0x29166777310 of 62 bytes failed: Only part of a ReadProcessMemory or WriteProcessMemory request was completed. (0x12B)
[0523/201521.739:ERROR:process_memory_win.cc(73)] ReadMemory at 0x29166777450 of 62 bytes failed: Only part of a ReadProcessMemory or WriteProcessMemory request was completed. (0x12B)
[0523/201521.739:ERROR:process_memory_win.cc(73)] ReadMemory at 0x29166777540 of 60 bytes failed: Only part of a ReadProcessMemory or WriteProcessMemory request was completed. (0x12B)
[0523/201521.739:ERROR:process_memory_win.cc(73)] ReadMemory at 0x29166777590 of 62 bytes failed: Only part of a ReadProcessMemory or WriteProcessMemory request was completed. (0x12B)
[0523/201521.739:ERROR:process_memory_win.cc(73)] ReadMemory at 0x29166777630 of 64 bytes failed: Only part of a ReadProcessMemory or WriteProcessMemory request was completed. (0x12B)
[0523/201521.739:ERROR:process_memory_win.cc(73)] ReadMemory at 0x29166777680 of 58 bytes failed: Only part of a ReadProcessMemory or WriteProcessMemory request was completed. (0x12B)
[0523/201521.739:ERROR:process_memory_win.cc(73)] ReadMemory at 0x29166777720 of 64 bytes failed: Only part of a ReadProcessMemory or WriteProcessMemory request was completed. (0x12B)
[0523/201521.739:ERROR:process_memory_win.cc(73)] ReadMemory at 0x29166777810 of 62 bytes failed: Only part of a ReadProcessMemory or WriteProcessMemory request was completed. (0x12B)
[0523/201521.740:ERROR:process_memory_win.cc(73)] ReadMemory at 0x29166777860 of 62 bytes failed: Only part of a ReadProcessMemory or WriteProcessMemory request was completed. (0x12B)
[0523/201521.740:ERROR:process_memory_win.cc(73)] ReadMemory at 0x291667779a0 of 60 bytes failed: Only part of a ReadProcessMemory or WriteProcessMemory request was completed. (0x12B)
[0523/201521.740:ERROR:process_memory_win.cc(73)] ReadMemory at 0x29166777a40 of 64 bytes failed: Only part of a ReadProcessMemory or WriteProcessMemory request was completed. (0x12B)
[0523/201521.740:ERROR:process_memory_win.cc(73)] ReadMemory at 0x29166777d60 of 132 bytes failed: Only part of a ReadProcessMemory or WriteProcessMemory request was completed. (0x12B)
[0523/201521.740:ERROR:process_memory_win.cc(73)] ReadMemory at 0x29166778220 of 132 bytes failed: Only part of a ReadProcessMemory or WriteProcessMemory request was completed. (0x12B)
[0523/201521.740:ERROR:process_memory_win.cc(73)] ReadMemory at 0x291667785b0 of 132 bytes failed: Only part of a ReadProcessMemory or WriteProcessMemory request was completed. (0x12B)
[0523/201521.740:ERROR:process_memory_win.cc(73)] ReadMemory at 0x291667786e0 of 132 bytes failed: Only part of a ReadProcessMemory or WriteProcessMemory request was completed. (0x12B)
[0523/201521.740:ERROR:process_memory_win.cc(73)] ReadMemory at 0x29166778810 of 132 bytes failed: Only part of a ReadProcessMemory or WriteProcessMemory request was completed. (0x12B)
[0523/201521.740:ERROR:process_memory_win.cc(73)] ReadMemory at 0x29166778cd0 of 132 bytes failed: Only part of a ReadProcessMemory or WriteProcessMemory request was completed. (0x12B)
[0523/201521.740:ERROR:process_memory_win.cc(73)] ReadMemory at 0x29166778f30 of 132 bytes failed: Only part of a ReadProcessMemory or WriteProcessMemory request was completed. (0x12B)
[0523/201521.741:ERROR:process_memory_win.cc(73)] ReadMemory at 0x29166779060 of 132 bytes failed: Only part of a ReadProcessMemory or WriteProcessMemory request was completed. (0x12B)
[0523/201521.741:ERROR:process_memory_win.cc(73)] ReadMemory at 0x29166779190 of 132 bytes failed: Only part of a ReadProcessMemory or WriteProcessMemory request was completed. (0x12B)
[0523/201521.741:ERROR:process_memory_win.cc(73)] ReadMemory at 0x291667792c0 of 132 bytes failed: Only part of a ReadProcessMemory or WriteProcessMemory request was completed. (0x12B)
[0523/201521.741:ERROR:process_memory_win.cc(73)] ReadMemory at 0x29166790590 of 512 bytes failed: Only part of a ReadProcessMemory or WriteProcessMemory request was completed. (0x12B)
[0523/201521.741:ERROR:process_memory_win.cc(73)] ReadMemory at 0x29166f14660 of 512 bytes failed: Only part of a ReadProcessMemory or WriteProcessMemory request was completed. (0x12B)
[0523/201521.741:ERROR:process_memory_win.cc(73)] ReadMemory at 0x29166f20840 of 512 bytes failed: Only part of a ReadProcessMemory or WriteProcessMemory request was completed. (0x12B)
[0523/201521.741:ERROR:process_memory_win.cc(73)] ReadMemory at 0x29166f2cba0 of 512 bytes failed: Only part of a ReadProcessMemory or WriteProcessMemory request was completed. (0x12B)
[0523/201521.741:ERROR:process_memory_win.cc(73)] ReadMemory at 0x29166f2e370 of 712 bytes failed: Only part of a ReadProcessMemory or WriteProcessMemory request was completed. (0x12B)
[0523/201521.741:ERROR:process_memory_win.cc(73)] ReadMemory at 0x29166f30080 of 512 bytes failed: Only part of a ReadProcessMemory or WriteProcessMemory request was completed. (0x12B)
[0523/201521.742:ERROR:process_memory_win.cc(73)] ReadMemory at 0x29166f49ce8 of 512 bytes failed: Only part of a ReadProcessMemory or WriteProcessMemory request was completed. (0x12B)
[0523/201521.742:ERROR:process_memory_win.cc(73)] ReadMemory at 0x29168510000 of 384 bytes failed: Only part of a ReadProcessMemory or WriteProcessMemory request was completed. (0x12B)
[0523/201521.742:ERROR:process_memory_win.cc(73)] ReadMemory at 0x2916856b300 of 512 bytes failed: Only part of a ReadProcessMemory or WriteProcessMemory request was completed. (0x12B)
[0523/201521.742:ERROR:process_memory_win.cc(73)] ReadMemory at 0x291685be760 of 512 bytes failed: Only part of a ReadProcessMemory or WriteProcessMemory request was completed. (0x12B)
[0523/201521.742:ERROR:process_memory_win.cc(73)] ReadMemory at 0x29168918680 of 512 bytes failed: Only part of a ReadProcessMemory or WriteProcessMemory request was completed. (0x12B)
[0523/201521.742:ERROR:process_memory_win.cc(73)] ReadMemory at 0x29168918ae0 of 512 bytes failed: Only part of a ReadProcessMemory or WriteProcessMemory request was completed. (0x12B)
[0523/201521.742:ERROR:process_memory_win.cc(73)] ReadMemory at 0x7ff871ce971c of 512 bytes failed: Only part of a ReadProcessMemory or WriteProcessMemory request was completed. (0x12B)
[0523/201521.742:ERROR:process_memory_win.cc(73)] ReadMemory at 0x7ff8723c47b0 of 553 bytes failed: Only part of a ReadProcessMemory or WriteProcessMemory request was completed. (0x12B)
[0523/201521.742:ERROR:process_memory_win.cc(73)] ReadMemory at 0x7ff876c59cd8 of 512 bytes failed: Only part of a ReadProcessMemory or WriteProcessMemory request was completed. (0x12B)
[0523/201521.742:ERROR:process_memory_win.cc(73)] ReadMemory at 0x7ff8eee4b720 of 512 bytes failed: Only part of a ReadProcessMemory or WriteProcessMemory request was completed. (0x12B)
[0523/201521.742:ERROR:process_memory_win.cc(73)] ReadMemory at 0x7ff8f1b9c0c4 of 672 bytes failed: Only part of a ReadProcessMemory or WriteProcessMemory request was completed. (0x12B)
[0523/201521.742:ERROR:process_memory_win.cc(73)] ReadMemory at 0x7ff8f1b9c6c4 of 512 bytes failed: Only part of a ReadProcessMemory or WriteProcessMemory request was completed. (0x12B)
[0523/201521.742:ERROR:process_memory_win.cc(73)] ReadMemory at 0x7ff8f1b9f974 of 608 bytes failed: Only part of a ReadProcessMemory or WriteProcessMemory request was completed. (0x12B)
[0523/201521.744:ERROR:process_memory_win.cc(73)] ReadMemory at 0x7ff8f1c2c428 of 18 bytes failed: Only part of a ReadProcessMemory or WriteProcessMemory request was completed. (0x12B)
[0523/201521.744:ERROR:process_memory_win.cc(73)] ReadMemory at 0x7ff8f1c5f4f8 of 40 bytes failed: Only part of a ReadProcessMemory or WriteProcessMemory request was completed. (0x12B)
[0523/201521.744:ERROR:process_memory_win.cc(73)] ReadMemory at 0x7ff8f1c5f978 of 48 bytes failed: Only part of a ReadProcessMemory or WriteProcessMemory request was completed. (0x12B)
[0523/201521.744:ERROR:process_memory_win.cc(73)] ReadMemory at 0x7ff8f1c653c0 of 64 bytes failed: Only part of a ReadProcessMemory or WriteProcessMemory request was completed. (0x12B)
[0523/201521.745:ERROR:scoped_process_suspend.cc(40)] NtResumeProcess: An attempt was made to access an exiting process. (0xc000010a)
